<?xml version="1.0" encoding="UTF-8"?>
<!-- Generated by org.testng.reporters.JUnitReportReporter -->
<testsuite hostname="WINDOWS-JV5II1D" name="htmldriver.phantom" tests="1" failures="0" timestamp="24 May 2016 13:49:52 GMT" time="42.690" errors="0">
  <testcase name="browser" time="42.690" classname="htmldriver.phantom"/>
</testsuite> <!-- htmldriver.phantom -->
